{"C:\\cilok-bu-ipeh\\src\\app.js": {"path":"C:\\cilok-bu-ipeh\\src\\app.js","statementMap":{"0":{"start":{"line":3,"column":4},"end":{"line":3,"column":17}},"1":{"start":{"line":6,"column":2},"end":{"line":6,"column":44}},"2":{"start":{"line":8,"column":2},"end":{"line":8,"column":30}}},"fnMap":{"0":{"name":"tambah","decl":{"start":{"line":2,"column":9},"end":{"line":2,"column":15}},"loc":{"start":{"line":2,"column":22},"end":{"line":4,"column":3}},"line":2}},"branchMap":{},"s":{"0":2,"1":1,"2":1},"f":{"0":2},"b":{},"_coverageSchema":"1a1c01bbd47fc00a2c39e90264f33305004495a9","hash":"f0e620c14cf093b876a9f6be7ea1fa69d78744e1"}
,"C:\\cilok-bu-ipeh\\src\\menu.js": {"path":"C:\\cilok-bu-ipeh\\src\\menu.js","statementMap":{"0":{"start":{"line":3,"column":4},"end":{"line":10,"column":6}},"1":{"start":{"line":14,"column":2},"end":{"line":14,"column":31}}},"fnMap":{"0":{"name":"getMenu","decl":{"start":{"line":2,"column":9},"end":{"line":2,"column":16}},"loc":{"start":{"line":2,"column":19},"end":{"line":11,"column":3}},"line":2}},"branchMap":{},"s":{"0":1,"1":1},"f":{"0":1},"b":{},"_coverageSchema":"1a1c01bbd47fc00a2c39e90264f33305004495a9","hash":"53a23966d227561680df4fbea7a98ed1368c8852"}
}
